0 info it worked if it ends with ok
1 verbose cli [ '/usr/local/bin/node', '/usr/local/bin/npm', 'run', 'test' ]
2 info using npm@3.8.2
3 info using node@v4.2.6
4 verbose run-script [ 'pretest', 'test', 'posttest' ]
5 info lifecycle remath@0.0.5~pretest: remath@0.0.5
6 silly lifecycle remath@0.0.5~pretest: no script for pretest, continuing
7 info lifecycle remath@0.0.5~test: remath@0.0.5
8 verbose lifecycle remath@0.0.5~test: unsafe-perm in lifecycle true
9 verbose lifecycle remath@0.0.5~test: PATH: /usr/local/lib/node_modules/npm/bin/node-gyp-bin:/Users/trevor/dev/projects/remath/node_modules/.bin:/usr/local/bin:/usr/local/bin:/usr/bin:/bin:/usr/sbin:/sbin:/opt/X11/bin
10 verbose lifecycle remath@0.0.5~test: CWD: /Users/trevor/dev/projects/remath
11 silly lifecycle remath@0.0.5~test: Args: [ '-c', 'npm run quick-build && npm run tape' ]
12 silly lifecycle remath@0.0.5~test: Returned: code: 1  signal: null
13 info lifecycle remath@0.0.5~test: Failed to exec test script
14 verbose stack Error: remath@0.0.5 test: `npm run quick-build && npm run tape`
14 verbose stack Exit status 1
14 verbose stack     at EventEmitter.<anonymous> (/usr/local/lib/node_modules/npm/lib/utils/lifecycle.js:239:16)
14 verbose stack     at emitTwo (events.js:87:13)
14 verbose stack     at EventEmitter.emit (events.js:172:7)
14 verbose stack     at ChildProcess.<anonymous> (/usr/local/lib/node_modules/npm/lib/utils/spawn.js:24:14)
14 verbose stack     at emitTwo (events.js:87:13)
14 verbose stack     at ChildProcess.emit (events.js:172:7)
14 verbose stack     at maybeClose (internal/child_process.js:821:16)
14 verbose stack     at Process.ChildProcess._handle.onexit (internal/child_process.js:211:5)
15 verbose pkgid remath@0.0.5
16 verbose cwd /Users/trevor/dev/projects/remath
17 error Darwin 15.2.0
18 error argv "/usr/local/bin/node" "/usr/local/bin/npm" "run" "test"
19 error node v4.2.6
20 error npm  v3.8.2
21 error code ELIFECYCLE
22 error remath@0.0.5 test: `npm run quick-build && npm run tape`
22 error Exit status 1
23 error Failed at the remath@0.0.5 test script 'npm run quick-build && npm run tape'.
23 error Make sure you have the latest version of node.js and npm installed.
23 error If you do, this is most likely a problem with the remath package,
23 error not with npm itself.
23 error Tell the author that this fails on your system:
23 error     npm run quick-build && npm run tape
23 error You can get information on how to open an issue for this project with:
23 error     npm bugs remath
23 error Or if that isn't available, you can get their info via:
23 error     npm owner ls remath
23 error There is likely additional logging output above.
24 verbose exit [ 1, true ]
